<?xml version="1.0" encoding="UTF-8"?>
<!-- Generated by org.testng.reporters.JUnitXMLReporter -->
<testsuite ignored="0" hostname="Samanvitha" failures="0" tests="3" name="Default test" time="24.785" errors="0" timestamp="2026-04-26T22:27:42 IST">
  <testcase classname="tests.AlertTest" name="testConfirmAlert" time="2.127"/>
  <testcase classname="tests.AlertTest" name="testPromptAlert" time="1.795"/>
  <testcase classname="tests.AlertTest" name="testSimpleAlert" time="1.65"/>
</testsuite> <!-- Default test -->
