<?xml version="1.0" encoding="UTF-8"?>
<!-- Generated by org.testng.reporters.JUnitXMLReporter -->
<testsuite ignored="0" hostname="Samanvitha" failures="0" tests="3" name="AlertTests" time="24.747" errors="0" timestamp="2026-04-26T22:44:32 IST">
  <testcase classname="tests.AlertTest" name="testConfirmAlert" time="2.852"/>
  <testcase classname="tests.AlertTest" name="testPromptAlert" time="1.671"/>
  <testcase classname="tests.AlertTest" name="testSimpleAlert" time="1.324"/>
</testsuite> <!-- AlertTests -->
