<?xml version="1.0" encoding="UTF-8"?>
<!-- Generated by org.testng.reporters.JUnitXMLReporter -->
<testsuite ignored="0" hostname="Samanvitha" failures="0" tests="3" name="FormTests" time="32.28" errors="0" timestamp="2026-04-26T22:43:40 IST">
  <testcase classname="tests.FormTest" name="testBasicForm" time="4.082"/>
  <testcase classname="tests.FormTest" name="testBasicForm" time="4.146"/>
  <testcase classname="tests.FormTest" name="testFileUpload" time="1.873"/>
</testsuite> <!-- FormTests -->
