<?xml version="1.0" encoding="UTF-8"?>
<!-- Generated by org.testng.reporters.JUnitXMLReporter -->
<testsuite ignored="0" hostname="Samanvitha" failures="0" tests="4" name="TableTests" time="26.32" errors="0" timestamp="2026-04-26T22:44:07 IST">
  <testcase classname="tests.TableTest" name="testCellData" time="1.262"/>
  <testcase classname="tests.TableTest" name="testPrintTable" time="1.545"/>
  <testcase classname="tests.TableTest" name="testTableHeaders" time="1.506"/>
  <testcase classname="tests.TableTest" name="testTableRows" time="1.184"/>
</testsuite> <!-- TableTests -->
