<?xml version="1.0" encoding="UTF-8"?>
<testng-results ignored="0" total="13" passed="13" failed="0" skipped="0">
  <reporter-output>
  </reporter-output>
  <suite started-at="2026-04-26T22:43:08 IST" name="AdminPanelSuite" finished-at="2026-04-26T22:45:07 IST" duration-ms="119661">
    <groups>
    </groups>
    <test started-at="2026-04-26T22:43:08 IST" name="FormTests" finished-at="2026-04-26T22:43:40 IST" duration-ms="32280">
      <class name="tests.FormTest">
        <test-method is-config="true" signature="setup()[pri:0, instance:tests.FormTest@45385f75]" started-at="2026-04-26T22:43:08 IST" name="setup" finished-at="2026-04-26T22:43:16 IST" duration-ms="8456" status="PASS">
          <reporter-output>
          </reporter-output>
        </test-method> <!-- setup -->
        <test-method is-config="true" signature="init()[pri:0, instance:tests.FormTest@45385f75]" started-at="2026-04-26T22:43:16 IST" name="init" finished-at="2026-04-26T22:43:16 IST" duration-ms="15" status="PASS">
          <reporter-output>
          </reporter-output>
        </test-method> <!-- init -->
        <test-method signature="testBasicForm(java.lang.String,java.lang.String,java.lang.String)[pri:0, instance:tests.FormTest@45385f75]" started-at="2026-04-26T22:43:16 IST" name="testBasicForm" data-provider="basicData" finished-at="2026-04-26T22:43:20 IST" duration-ms="4082" status="PASS">
          <params>
            <param index="0">
              <value>
                <![CDATA[user1]]>
              </value>
            </param>
            <param index="1">
              <value>
                <![CDATA[pass1]]>
              </value>
            </param>
            <param index="2">
              <value>
                <![CDATA[hello]]>
              </value>
            </param>
          </params>
          <reporter-output>
          </reporter-output>
        </test-method> <!-- testBasicForm -->
        <test-method is-config="true" signature="tearDown()[pri:0, instance:tests.FormTest@45385f75]" started-at="2026-04-26T22:43:20 IST" name="tearDown" finished-at="2026-04-26T22:43:22 IST" duration-ms="1482" status="PASS">
          <reporter-output>
          </reporter-output>
        </test-method> <!-- tearDown -->
        <test-method is-config="true" signature="setup()[pri:0, instance:tests.FormTest@45385f75]" started-at="2026-04-26T22:43:22 IST" name="setup" finished-at="2026-04-26T22:43:27 IST" duration-ms="4871" status="PASS">
          <reporter-output>
          </reporter-output>
        </test-method> <!-- setup -->
        <test-method is-config="true" signature="init()[pri:0, instance:tests.FormTest@45385f75]" started-at="2026-04-26T22:43:27 IST" name="init" finished-at="2026-04-26T22:43:27 IST" duration-ms="1" status="PASS">
          <reporter-output>
          </reporter-output>
        </test-method> <!-- init -->
        <test-method signature="testBasicForm(java.lang.String,java.lang.String,java.lang.String)[pri:0, instance:tests.FormTest@45385f75]" started-at="2026-04-26T22:43:27 IST" name="testBasicForm" data-provider="basicData" finished-at="2026-04-26T22:43:31 IST" duration-ms="4146" status="PASS">
          <params>
            <param index="0">
              <value>
                <![CDATA[admin]]>
              </value>
            </param>
            <param index="1">
              <value>
                <![CDATA[admin123]]>
              </value>
            </param>
            <param index="2">
              <value>
                <![CDATA[testing]]>
              </value>
            </param>
          </params>
          <reporter-output>
          </reporter-output>
        </test-method> <!-- testBasicForm -->
        <test-method is-config="true" signature="tearDown()[pri:0, instance:tests.FormTest@45385f75]" started-at="2026-04-26T22:43:31 IST" name="tearDown" finished-at="2026-04-26T22:43:32 IST" duration-ms="1317" status="PASS">
          <reporter-output>
          </reporter-output>
        </test-method> <!-- tearDown -->
        <test-method is-config="true" signature="setup()[pri:0, instance:tests.FormTest@45385f75]" started-at="2026-04-26T22:43:32 IST" name="setup" finished-at="2026-04-26T22:43:37 IST" duration-ms="4583" status="PASS">
          <reporter-output>
          </reporter-output>
        </test-method> <!-- setup -->
        <test-method signature="testFileUpload()[pri:0, instance:tests.FormTest@45385f75]" started-at="2026-04-26T22:43:37 IST" name="testFileUpload" finished-at="2026-04-26T22:43:39 IST" duration-ms="1873" status="PASS">
          <reporter-output>
          </reporter-output>
        </test-method> <!-- testFileUpload -->
        <test-method is-config="true" signature="init()[pri:0, instance:tests.FormTest@45385f75]" started-at="2026-04-26T22:43:37 IST" name="init" finished-at="2026-04-26T22:43:37 IST" duration-ms="0" status="PASS">
          <reporter-output>
          </reporter-output>
        </test-method> <!-- init -->
        <test-method is-config="true" signature="tearDown()[pri:0, instance:tests.FormTest@45385f75]" started-at="2026-04-26T22:43:39 IST" name="tearDown" finished-at="2026-04-26T22:43:40 IST" duration-ms="1345" status="PASS">
          <reporter-output>
          </reporter-output>
        </test-method> <!-- tearDown -->
      </class> <!-- tests.FormTest -->
    </test> <!-- FormTests -->
    <test started-at="2026-04-26T22:43:41 IST" name="TableTests" finished-at="2026-04-26T22:44:07 IST" duration-ms="26320">
      <class name="tests.TableTest">
        <test-method is-config="true" signature="setup()[pri:0, instance:tests.TableTest@4b2c5e02]" started-at="2026-04-26T22:43:41 IST" name="setup" finished-at="2026-04-26T22:43:45 IST" duration-ms="4086" status="PASS">
          <reporter-output>
          </reporter-output>
        </test-method> <!-- setup -->
        <test-method is-config="true" signature="init()[pri:0, instance:tests.TableTest@4b2c5e02]" started-at="2026-04-26T22:43:45 IST" name="init" finished-at="2026-04-26T22:43:45 IST" duration-ms="8" status="PASS">
          <reporter-output>
          </reporter-output>
        </test-method> <!-- init -->
        <test-method signature="testCellData()[pri:0, instance:tests.TableTest@4b2c5e02]" started-at="2026-04-26T22:43:45 IST" name="testCellData" finished-at="2026-04-26T22:43:46 IST" duration-ms="1262" status="PASS">
          <reporter-output>
          </reporter-output>
        </test-method> <!-- testCellData -->
        <test-method is-config="true" signature="tearDown()[pri:0, instance:tests.TableTest@4b2c5e02]" started-at="2026-04-26T22:43:46 IST" name="tearDown" finished-at="2026-04-26T22:43:47 IST" duration-ms="1127" status="PASS">
          <reporter-output>
          </reporter-output>
        </test-method> <!-- tearDown -->
        <test-method is-config="true" signature="setup()[pri:0, instance:tests.TableTest@4b2c5e02]" started-at="2026-04-26T22:43:47 IST" name="setup" finished-at="2026-04-26T22:43:51 IST" duration-ms="3834" status="PASS">
          <reporter-output>
          </reporter-output>
        </test-method> <!-- setup -->
        <test-method is-config="true" signature="init()[pri:0, instance:tests.TableTest@4b2c5e02]" started-at="2026-04-26T22:43:51 IST" name="init" finished-at="2026-04-26T22:43:51 IST" duration-ms="1" status="PASS">
          <reporter-output>
          </reporter-output>
        </test-method> <!-- init -->
        <test-method signature="testPrintTable()[pri:0, instance:tests.TableTest@4b2c5e02]" started-at="2026-04-26T22:43:51 IST" name="testPrintTable" finished-at="2026-04-26T22:43:53 IST" duration-ms="1545" status="PASS">
          <reporter-output>
          </reporter-output>
        </test-method> <!-- testPrintTable -->
        <test-method is-config="true" signature="tearDown()[pri:0, instance:tests.TableTest@4b2c5e02]" started-at="2026-04-26T22:43:53 IST" name="tearDown" finished-at="2026-04-26T22:43:53 IST" duration-ms="908" status="PASS">
          <reporter-output>
          </reporter-output>
        </test-method> <!-- tearDown -->
        <test-method is-config="true" signature="setup()[pri:0, instance:tests.TableTest@4b2c5e02]" started-at="2026-04-26T22:43:53 IST" name="setup" finished-at="2026-04-26T22:43:58 IST" duration-ms="4450" status="PASS">
          <reporter-output>
          </reporter-output>
        </test-method> <!-- setup -->
        <test-method signature="testTableHeaders()[pri:0, instance:tests.TableTest@4b2c5e02]" started-at="2026-04-26T22:43:58 IST" name="testTableHeaders" finished-at="2026-04-26T22:43:59 IST" duration-ms="1506" status="PASS">
          <reporter-output>
          </reporter-output>
        </test-method> <!-- testTableHeaders -->
        <test-method is-config="true" signature="init()[pri:0, instance:tests.TableTest@4b2c5e02]" started-at="2026-04-26T22:43:58 IST" name="init" finished-at="2026-04-26T22:43:58 IST" duration-ms="0" status="PASS">
          <reporter-output>
          </reporter-output>
        </test-method> <!-- init -->
        <test-method is-config="true" signature="tearDown()[pri:0, instance:tests.TableTest@4b2c5e02]" started-at="2026-04-26T22:43:59 IST" name="tearDown" finished-at="2026-04-26T22:44:01 IST" duration-ms="1126" status="PASS">
          <reporter-output>
          </reporter-output>
        </test-method> <!-- tearDown -->
        <test-method is-config="true" signature="setup()[pri:0, instance:tests.TableTest@4b2c5e02]" started-at="2026-04-26T22:44:01 IST" name="setup" finished-at="2026-04-26T22:44:05 IST" duration-ms="4380" status="PASS">
          <reporter-output>
          </reporter-output>
        </test-method> <!-- setup -->
        <test-method is-config="true" signature="init()[pri:0, instance:tests.TableTest@4b2c5e02]" started-at="2026-04-26T22:44:05 IST" name="init" finished-at="2026-04-26T22:44:05 IST" duration-ms="1" status="PASS">
          <reporter-output>
          </reporter-output>
        </test-method> <!-- init -->
        <test-method signature="testTableRows()[pri:0, instance:tests.TableTest@4b2c5e02]" started-at="2026-04-26T22:44:05 IST" name="testTableRows" finished-at="2026-04-26T22:44:06 IST" duration-ms="1184" status="PASS">
          <reporter-output>
          </reporter-output>
        </test-method> <!-- testTableRows -->
        <test-method is-config="true" signature="tearDown()[pri:0, instance:tests.TableTest@4b2c5e02]" started-at="2026-04-26T22:44:06 IST" name="tearDown" finished-at="2026-04-26T22:44:07 IST" duration-ms="879" status="PASS">
          <reporter-output>
          </reporter-output>
        </test-method> <!-- tearDown -->
      </class> <!-- tests.TableTest -->
    </test> <!-- TableTests -->
    <test started-at="2026-04-26T22:44:07 IST" name="AlertTests" finished-at="2026-04-26T22:44:32 IST" duration-ms="24747">
      <class name="tests.AlertTest">
        <test-method is-config="true" signature="setup()[pri:0, instance:tests.AlertTest@3eb91815]" started-at="2026-04-26T22:44:07 IST" name="setup" finished-at="2026-04-26T22:44:12 IST" duration-ms="5343" status="PASS">
          <reporter-output>
          </reporter-output>
        </test-method> <!-- setup -->
        <test-method is-config="true" signature="init()[pri:0, instance:tests.AlertTest@3eb91815]" started-at="2026-04-26T22:44:12 IST" name="init" finished-at="2026-04-26T22:44:12 IST" duration-ms="3" status="PASS">
          <reporter-output>
          </reporter-output>
        </test-method> <!-- init -->
        <test-method signature="testConfirmAlert()[pri:0, instance:tests.AlertTest@3eb91815]" started-at="2026-04-26T22:44:12 IST" name="testConfirmAlert" finished-at="2026-04-26T22:44:15 IST" duration-ms="2852" status="PASS">
          <reporter-output>
          </reporter-output>
        </test-method> <!-- testConfirmAlert -->
        <test-method is-config="true" signature="tearDown()[pri:0, instance:tests.AlertTest@3eb91815]" started-at="2026-04-26T22:44:15 IST" name="tearDown" finished-at="2026-04-26T22:44:16 IST" duration-ms="1130" status="PASS">
          <reporter-output>
          </reporter-output>
        </test-method> <!-- tearDown -->
        <test-method is-config="true" signature="setup()[pri:0, instance:tests.AlertTest@3eb91815]" started-at="2026-04-26T22:44:16 IST" name="setup" finished-at="2026-04-26T22:44:23 IST" duration-ms="6253" status="PASS">
          <reporter-output>
          </reporter-output>
        </test-method> <!-- setup -->
        <test-method signature="testPromptAlert()[pri:0, instance:tests.AlertTest@3eb91815]" started-at="2026-04-26T22:44:23 IST" name="testPromptAlert" finished-at="2026-04-26T22:44:24 IST" duration-ms="1671" status="PASS">
          <reporter-output>
          </reporter-output>
        </test-method> <!-- testPromptAlert -->
        <test-method is-config="true" signature="init()[pri:0, instance:tests.AlertTest@3eb91815]" started-at="2026-04-26T22:44:23 IST" name="init" finished-at="2026-04-26T22:44:23 IST" duration-ms="0" status="PASS">
          <reporter-output>
          </reporter-output>
        </test-method> <!-- init -->
        <test-method is-config="true" signature="tearDown()[pri:0, instance:tests.AlertTest@3eb91815]" started-at="2026-04-26T22:44:24 IST" name="tearDown" finished-at="2026-04-26T22:44:25 IST" duration-ms="925" status="PASS">
          <reporter-output>
          </reporter-output>
        </test-method> <!-- tearDown -->
        <test-method is-config="true" signature="setup()[pri:0, instance:tests.AlertTest@3eb91815]" started-at="2026-04-26T22:44:25 IST" name="setup" finished-at="2026-04-26T22:44:30 IST" duration-ms="4349" status="PASS">
          <reporter-output>
          </reporter-output>
        </test-method> <!-- setup -->
        <test-method is-config="true" signature="init()[pri:0, instance:tests.AlertTest@3eb91815]" started-at="2026-04-26T22:44:30 IST" name="init" finished-at="2026-04-26T22:44:30 IST" duration-ms="3" status="PASS">
          <reporter-output>
          </reporter-output>
        </test-method> <!-- init -->
        <test-method signature="testSimpleAlert()[pri:0, instance:tests.AlertTest@3eb91815]" started-at="2026-04-26T22:44:30 IST" name="testSimpleAlert" finished-at="2026-04-26T22:44:31 IST" duration-ms="1324" status="PASS">
          <reporter-output>
          </reporter-output>
        </test-method> <!-- testSimpleAlert -->
        <test-method is-config="true" signature="tearDown()[pri:0, instance:tests.AlertTest@3eb91815]" started-at="2026-04-26T22:44:31 IST" name="tearDown" finished-at="2026-04-26T22:44:32 IST" duration-ms="871" status="PASS">
          <reporter-output>
          </reporter-output>
        </test-method> <!-- tearDown -->
      </class> <!-- tests.AlertTest -->
    </test> <!-- AlertTests -->
    <test started-at="2026-04-26T22:44:32 IST" name="DynamicTests" finished-at="2026-04-26T22:44:52 IST" duration-ms="19605">
      <class name="tests.DynamicTest">
        <test-method is-config="true" signature="setup()[pri:0, instance:tests.DynamicTest@43015c69]" started-at="2026-04-26T22:44:32 IST" name="setup" finished-at="2026-04-26T22:44:36 IST" duration-ms="4216" status="PASS">
          <reporter-output>
          </reporter-output>
        </test-method> <!-- setup -->
        <test-method is-config="true" signature="init()[pri:0, instance:tests.DynamicTest@43015c69]" started-at="2026-04-26T22:44:36 IST" name="init" finished-at="2026-04-26T22:44:36 IST" duration-ms="3" status="PASS">
          <reporter-output>
          </reporter-output>
        </test-method> <!-- init -->
        <test-method signature="testDynamicButtons()[pri:0, instance:tests.DynamicTest@43015c69]" started-at="2026-04-26T22:44:36 IST" name="testDynamicButtons" finished-at="2026-04-26T22:44:51 IST" duration-ms="14318" status="PASS">
          <reporter-output>
          </reporter-output>
        </test-method> <!-- testDynamicButtons -->
        <test-method is-config="true" signature="tearDown()[pri:0, instance:tests.DynamicTest@43015c69]" started-at="2026-04-26T22:44:51 IST" name="tearDown" finished-at="2026-04-26T22:44:52 IST" duration-ms="1061" status="PASS">
          <reporter-output>
          </reporter-output>
        </test-method> <!-- tearDown -->
      </class> <!-- tests.DynamicTest -->
    </test> <!-- DynamicTests -->
    <test started-at="2026-04-26T22:44:52 IST" name="FrameTests" finished-at="2026-04-26T22:45:07 IST" duration-ms="15798">
      <class name="tests.FrameTest">
        <test-method is-config="true" signature="setup()[pri:0, instance:tests.FrameTest@13bc8645]" started-at="2026-04-26T22:44:52 IST" name="setup" finished-at="2026-04-26T22:44:56 IST" duration-ms="4466" status="PASS">
          <reporter-output>
          </reporter-output>
        </test-method> <!-- setup -->
        <test-method is-config="true" signature="init()[pri:0, instance:tests.FrameTest@13bc8645]" started-at="2026-04-26T22:44:56 IST" name="init" finished-at="2026-04-26T22:44:56 IST" duration-ms="4" status="PASS">
          <reporter-output>
          </reporter-output>
        </test-method> <!-- init -->
        <test-method signature="testFrames()[pri:0, instance:tests.FrameTest@13bc8645]" started-at="2026-04-26T22:44:56 IST" name="testFrames" finished-at="2026-04-26T22:44:59 IST" duration-ms="2633" status="PASS">
          <reporter-output>
          </reporter-output>
        </test-method> <!-- testFrames -->
        <test-method is-config="true" signature="tearDown()[pri:0, instance:tests.FrameTest@13bc8645]" started-at="2026-04-26T22:44:59 IST" name="tearDown" finished-at="2026-04-26T22:45:00 IST" duration-ms="1243" status="PASS">
          <reporter-output>
          </reporter-output>
        </test-method> <!-- tearDown -->
        <test-method is-config="true" signature="setup()[pri:0, instance:tests.FrameTest@13bc8645]" started-at="2026-04-26T22:45:00 IST" name="setup" finished-at="2026-04-26T22:45:04 IST" duration-ms="4132" status="PASS">
          <reporter-output>
          </reporter-output>
        </test-method> <!-- setup -->
        <test-method signature="testNestedFrames()[pri:0, instance:tests.FrameTest@13bc8645]" started-at="2026-04-26T22:45:04 IST" name="testNestedFrames" finished-at="2026-04-26T22:45:06 IST" duration-ms="2322" status="PASS">
          <reporter-output>
          </reporter-output>
        </test-method> <!-- testNestedFrames -->
        <test-method is-config="true" signature="init()[pri:0, instance:tests.FrameTest@13bc8645]" started-at="2026-04-26T22:45:04 IST" name="init" finished-at="2026-04-26T22:45:04 IST" duration-ms="0" status="PASS">
          <reporter-output>
          </reporter-output>
        </test-method> <!-- init -->
        <test-method is-config="true" signature="tearDown()[pri:0, instance:tests.FrameTest@13bc8645]" started-at="2026-04-26T22:45:06 IST" name="tearDown" finished-at="2026-04-26T22:45:07 IST" duration-ms="990" status="PASS">
          <reporter-output>
          </reporter-output>
        </test-method> <!-- tearDown -->
      </class> <!-- tests.FrameTest -->
    </test> <!-- FrameTests -->
  </suite> <!-- AdminPanelSuite -->
</testng-results>
