<?xml version="1.0" encoding="UTF-8"?>
<!-- Generated by org.testng.reporters.JUnitReportReporter -->
<testsuite hostname="Samanvitha" failures="0" tests="4" name="tests.TableTest" time="26.297" errors="0" timestamp="2026-04-26T22:45:08 IST" skipped="0">
  <testcase classname="tests.TableTest" name="testTableHeaders" time="6.248"/>
  <testcase classname="tests.TableTest" name="testPrintTable" time="7.052"/>
  <testcase classname="tests.TableTest" name="testCellData" time="6.840"/>
  <testcase classname="tests.TableTest" name="testTableRows" time="6.157"/>
</testsuite> <!-- tests.TableTest -->
