<?xml version="1.0" encoding="UTF-8"?>
<!-- Generated by org.testng.reporters.JUnitReportReporter -->
<testsuite hostname="Samanvitha" failures="0" tests="3" name="tests.AlertTest" time="24.724" errors="0" timestamp="2026-04-26T22:45:08 IST" skipped="0">
  <testcase classname="tests.AlertTest" name="testPromptAlert" time="7.942"/>
  <testcase classname="tests.AlertTest" name="testSimpleAlert" time="8.710"/>
  <testcase classname="tests.AlertTest" name="testConfirmAlert" time="8.072"/>
</testsuite> <!-- tests.AlertTest -->
