<?xml version="1.0" encoding="UTF-8"?>
<!-- Generated by org.testng.reporters.JUnitReportReporter -->
<testsuite hostname="Samanvitha" failures="0" tests="3" name="tests.FormTest" time="32.171" errors="0" timestamp="2026-04-26T22:45:08 IST" skipped="0">
  <testcase classname="tests.FormTest" name="testFileUpload" time="7.773"/>
  <testcase classname="tests.FormTest" name="testBasicForm" time="14.035"/>
  <testcase classname="tests.FormTest" name="testBasicForm" time="10.363"/>
</testsuite> <!-- tests.FormTest -->
